** Drc report for STM32 GPS Tracker.kicad_pcb **
** Created on 2025-11-26T23:19:42+0530 **

** Found 52 DRC violations **
[via_dangling]: Via is not connected or connected on only one layer
    Local override; warning
    @(88.2250 mm, 112.6750 mm): Via [Net-(C6-Pad2)] on F.Cu - B.Cu
[via_dangling]: Via is not connected or connected on only one layer
    Local override; warning
    @(87.1250 mm, 112.6500 mm): Via [SIM_VDD] on F.Cu - B.Cu
[via_dangling]: Via is not connected or connected on only one layer
    Local override; warning
    @(106.3250 mm, 106.5750 mm): Via [Net-(D4-A)] on F.Cu - B.Cu
[via_dangling]: Via is not connected or connected on only one layer
    Local override; warning
    @(112.1000 mm, 103.9750 mm): Via [SIM_TX] on F.Cu - B.Cu
[via_dangling]: Via is not connected or connected on only one layer
    Local override; warning
    @(112.1000 mm, 104.7750 mm): Via [SIM_RX] on F.Cu - B.Cu
[via_dangling]: Via is not connected or connected on only one layer
    Local override; warning
    @(104.9250 mm, 106.2250 mm): Via [Net-(J3-RET)] on F.Cu - B.Cu
[clearance]: Clearance violation (netclass 'Default' clearance 0.1600 mm; actual 0.3500 mm)
    Rule: netclass 'Default'; error
    @(103.6250 mm, 79.3250 mm): Pad 9 [GND] of U2 on F.Cu
    @(102.9750 mm, 81.2750 mm): PTH pad 16 [<no net>] of U2
[clearance]: Clearance violation (netclass 'Default' clearance 0.1600 mm; actual 0.3500 mm)
    Rule: netclass 'Default'; error
    @(103.6250 mm, 79.3250 mm): Pad 9 [GND] of U2 on F.Cu
    @(104.2750 mm, 81.2750 mm): PTH pad 17 [<no net>] of U2
[clearance]: Clearance violation (netclass 'Default' clearance 0.1600 mm; actual 0.3500 mm)
    Rule: netclass 'Default'; error
    @(103.6250 mm, 79.3250 mm): Pad 9 [GND] of U2 on F.Cu
    @(102.9750 mm, 77.3750 mm): PTH pad 10 [<no net>] of U2
[clearance]: Clearance violation (netclass 'Default' clearance 0.1600 mm; actual 0.6750 mm)
    Rule: netclass 'Default'; error
    @(103.6250 mm, 79.3250 mm): Pad 9 [GND] of U2 on F.Cu
    @(102.9750 mm, 78.6750 mm): PTH pad 12 [<no net>] of U2
[clearance]: Clearance violation (netclass 'Default' clearance 0.1600 mm; actual 0.6750 mm)
    Rule: netclass 'Default'; error
    @(103.6250 mm, 79.3250 mm): Pad 9 [GND] of U2 on F.Cu
    @(102.9750 mm, 79.9750 mm): PTH pad 14 [<no net>] of U2
[clearance]: Clearance violation (netclass 'Default' clearance 0.1600 mm; actual 0.3500 mm)
    Rule: netclass 'Default'; error
    @(103.6250 mm, 79.3250 mm): Pad 9 [GND] of U2 on F.Cu
    @(104.2750 mm, 77.3750 mm): PTH pad 11 [<no net>] of U2
[clearance]: Clearance violation (netclass 'Default' clearance 0.1600 mm; actual 0.6750 mm)
    Rule: netclass 'Default'; error
    @(103.6250 mm, 79.3250 mm): Pad 9 [GND] of U2 on F.Cu
    @(104.2750 mm, 78.6750 mm): PTH pad 13 [<no net>] of U2
[clearance]: Clearance violation (netclass 'Default' clearance 0.1600 mm; actual 0.6750 mm)
    Rule: netclass 'Default'; error
    @(103.6250 mm, 79.3250 mm): Pad 9 [GND] of U2 on F.Cu
    @(104.2750 mm, 79.9750 mm): PTH pad 15 [<no net>] of U2
[missing_courtyard]: Footprint has no courtyard defined
    Local override; error
    @(113.1750 mm, 67.9750 mm): Footprint GSM1
[missing_courtyard]: Footprint has no courtyard defined
    Local override; error
    @(88.5750 mm, 98.3250 mm): Footprint GPS1
[pth_inside_courtyard]: PTH inside courtyard
    Local override; error
    @(102.9750 mm, 77.3750 mm): PTH pad 10 [<no net>] of U2
    @(104.1750 mm, 85.8250 mm): Footprint U1
[pth_inside_courtyard]: PTH inside courtyard
    Local override; error
    @(104.2750 mm, 77.3750 mm): PTH pad 11 [<no net>] of U2
    @(104.1750 mm, 85.8250 mm): Footprint U1
[pth_inside_courtyard]: PTH inside courtyard
    Local override; error
    @(102.9750 mm, 78.6750 mm): PTH pad 12 [<no net>] of U2
    @(104.1750 mm, 85.8250 mm): Footprint U1
[pth_inside_courtyard]: PTH inside courtyard
    Local override; error
    @(104.2750 mm, 78.6750 mm): PTH pad 13 [<no net>] of U2
    @(104.1750 mm, 85.8250 mm): Footprint U1
[pth_inside_courtyard]: PTH inside courtyard
    Local override; error
    @(102.9750 mm, 79.9750 mm): PTH pad 14 [<no net>] of U2
    @(104.1750 mm, 85.8250 mm): Footprint U1
[pth_inside_courtyard]: PTH inside courtyard
    Local override; error
    @(104.2750 mm, 79.9750 mm): PTH pad 15 [<no net>] of U2
    @(104.1750 mm, 85.8250 mm): Footprint U1
[pth_inside_courtyard]: PTH inside courtyard
    Local override; error
    @(102.9750 mm, 81.2750 mm): PTH pad 16 [<no net>] of U2
    @(104.1750 mm, 85.8250 mm): Footprint U1
[pth_inside_courtyard]: PTH inside courtyard
    Local override; error
    @(104.2750 mm, 81.2750 mm): PTH pad 17 [<no net>] of U2
    @(104.1750 mm, 85.8250 mm): Footprint U1
[footprint_type_mismatch]: Footprint component type doesn't match footprint pads (expected 'Through hole'; actual 'SMD')
    Local override; error
    @(103.6250 mm, 79.3250 mm): Footprint U2
[lib_footprint_mismatch]: Footprint 'VREG_LM5017MR_NOPB' does not match copy in library 'Footprints'.
    Local override; warning
    @(103.6250 mm, 79.3250 mm): Footprint U2
[lib_footprint_mismatch]: Footprint 'LQFP-48_7x7mm_P0.5mm' does not match copy in library 'Package_QFP'.
    Local override; warning
    @(105.0488 mm, 99.3262 mm): Footprint U4
[lib_footprint_mismatch]: Footprint '693010020611' does not match copy in library 'Footprints'.
    Local override; warning
    @(108.2250 mm, 111.1750 mm): Footprint J3
[starved_thermal]: Thermal relief connection to zone incomplete (layer B.Cu; zone min spoke count 2; actual 1)
    Local override; error
    @(79.7500 mm, 62.2500 mm): Zone [GND] on F.Cu and B.Cu, priority 2
    @(102.1750 mm, 97.8250 mm): Pad 28 [GND] of U1 on B.Cu
[starved_thermal]: Thermal relief connection to zone incomplete (layer F.Cu; zone min spoke count 2; actual 1)
    Local override; error
    @(79.7500 mm, 62.2500 mm): Zone [GND] on F.Cu and B.Cu, priority 2
    @(103.9500 mm, 110.4650 mm): Pad 1 [GND] of D4 on F.Cu
[silk_over_copper]: Silkscreen clipped by solder mask
    Local override; error
    @(106.5250 mm, 68.0500 mm): Reference field of Q1
[silk_over_copper]: Silkscreen clipped by solder mask
    Local override; error
    @(111.7300 mm, 70.9360 mm): Reference field of U1
[solder_mask_bridge]: Front solder mask aperture bridges items with different nets
    Rule: board setup solder mask min width; error
    @(103.6250 mm, 79.3250 mm): Pad 9 [GND] of U2 on F.Cu
    @(104.2750 mm, 77.3750 mm): PTH pad 11 [<no net>] of U2
[solder_mask_bridge]: Front solder mask aperture bridges items with different nets
    Rule: board setup solder mask min width; error
    @(103.6250 mm, 79.3250 mm): Pad 9 [GND] of U2 on F.Cu
    @(102.9750 mm, 77.3750 mm): PTH pad 10 [<no net>] of U2
[solder_mask_bridge]: Front solder mask aperture bridges items with different nets
    Rule: board setup solder mask min width; error
    @(103.6250 mm, 79.3250 mm): Pad 9 [GND] of U2 on F.Cu
    @(102.9750 mm, 78.6750 mm): PTH pad 12 [<no net>] of U2
[solder_mask_bridge]: Front solder mask aperture bridges items with different nets
    Rule: board setup solder mask min width; error
    @(103.6250 mm, 79.3250 mm): Pad 9 [GND] of U2 on F.Cu
    @(104.2750 mm, 78.6750 mm): PTH pad 13 [<no net>] of U2
[solder_mask_bridge]: Front solder mask aperture bridges items with different nets
    Rule: board setup solder mask min width; error
    @(103.6250 mm, 79.3250 mm): Pad 9 [GND] of U2 on F.Cu
    @(102.9750 mm, 79.9750 mm): PTH pad 14 [<no net>] of U2
[solder_mask_bridge]: Front solder mask aperture bridges items with different nets
    Rule: board setup solder mask min width; error
    @(103.6250 mm, 79.3250 mm): Pad 9 [GND] of U2 on F.Cu
    @(104.2750 mm, 79.9750 mm): PTH pad 15 [<no net>] of U2
[solder_mask_bridge]: Front solder mask aperture bridges items with different nets
    Rule: board setup solder mask min width; error
    @(103.6250 mm, 79.3250 mm): Pad 9 [GND] of U2 on F.Cu
    @(102.9750 mm, 81.2750 mm): PTH pad 16 [<no net>] of U2
[solder_mask_bridge]: Front solder mask aperture bridges items with different nets
    Rule: board setup solder mask min width; error
    @(103.6250 mm, 79.3250 mm): Pad 9 [GND] of U2 on F.Cu
    @(104.2750 mm, 81.2750 mm): PTH pad 17 [<no net>] of U2
[solder_mask_bridge]: Front solder mask aperture bridges items with different nets
    Rule: board setup solder mask min width; error
    @(102.2700 mm, 77.6250 mm): Polygon of U2 on F.Mask
    @(104.4749 mm, 79.3250 mm): Track [GND] on F.Cu, length 0.8499 mm
[solder_mask_bridge]: Front solder mask aperture bridges items with different nets
    Rule: board setup solder mask min width; error
    @(102.2700 mm, 77.6250 mm): Polygon of U2 on F.Mask
    @(104.4749 mm, 79.3250 mm): Track [GND] on F.Cu, length 0.8499 mm
[solder_mask_bridge]: Front solder mask aperture bridges items with different nets
    Rule: board setup solder mask min width; error
    @(102.2700 mm, 77.6250 mm): Polygon of U2 on F.Mask
    @(104.4749 mm, 79.3250 mm): Track [GND] on F.Cu, length 0.8499 mm
[solder_mask_bridge]: Front solder mask aperture bridges items with different nets
    Rule: board setup solder mask min width; error
    @(102.2700 mm, 77.6250 mm): Polygon of U2 on F.Mask
    @(104.4749 mm, 79.3250 mm): Track [GND] on F.Cu, length 0.8499 mm
[solder_mask_bridge]: Front solder mask aperture bridges items with different nets
    Rule: board setup solder mask min width; error
    @(102.2700 mm, 77.6250 mm): Polygon of U2 on F.Mask
    @(104.4749 mm, 79.3250 mm): Track [GND] on F.Cu, length 0.8499 mm
[solder_mask_bridge]: Front solder mask aperture bridges items with different nets
    Rule: board setup solder mask min width; error
    @(102.2700 mm, 77.6250 mm): Polygon of U2 on F.Mask
    @(104.4749 mm, 79.3250 mm): Track [GND] on F.Cu, length 0.8499 mm
[solder_mask_bridge]: Front solder mask aperture bridges items with different nets
    Rule: board setup solder mask min width; error
    @(102.2700 mm, 77.6250 mm): Polygon of U2 on F.Mask
    @(104.4749 mm, 79.3250 mm): Track [GND] on F.Cu, length 0.8499 mm
[solder_mask_bridge]: Front solder mask aperture bridges items with different nets
    Rule: board setup solder mask min width; error
    @(102.2700 mm, 77.6250 mm): Polygon of U2 on F.Mask
    @(104.4749 mm, 79.3250 mm): Track [GND] on F.Cu, length 0.8499 mm
[silk_overlap]: Silkscreen overlap
    Rule: board setup constraints silk; warning
    @(108.0000 mm, 68.3500 mm): Segment of Q1 on F.Silkscreen
    @(106.5250 mm, 68.0500 mm): Reference field of Q1
[silk_overlap]: Silkscreen overlap
    Rule: board setup constraints silk; warning
    @(105.0500 mm, 67.7500 mm): Segment of Q1 on F.Silkscreen
    @(106.5250 mm, 68.0500 mm): Reference field of Q1
[silk_overlap]: Silkscreen overlap
    Rule: board setup constraints silk; warning
    @(88.9550 mm, 73.2850 mm): Segment of J1 on F.Silkscreen
    @(91.2000 mm, 73.5250 mm): Reference field of L1
[silk_overlap]: Silkscreen overlap
    Rule: board setup constraints silk; warning
    @(106.4900 mm, 86.1396 mm): Segment of R6 on F.Silkscreen
    @(105.9250 mm, 85.9125 mm): Reference field of R7

** Found 9 unconnected pads **
[unconnected_items]: Missing connection between items
    Local override; error
    @(100.1750 mm, 97.8250 mm): Pad 30 [SIM_DATA] of U1 on B.Cu
    @(94.0000 mm, 100.3400 mm): Pad 1 [SIM_DATA] of C6 on B.Cu
[unconnected_items]: Missing connection between items
    Local override; error
    @(100.9500 mm, 100.3050 mm): Pad 2 [SIM_DATA] of R2 on B.Cu
    @(100.1750 mm, 97.8250 mm): Pad 30 [SIM_DATA] of U1 on B.Cu
[unconnected_items]: Missing connection between items
    Local override; error
    @(93.4750 mm, 108.0750 mm): Track [SIM_VDD] on B.Cu, length 0.2000 mm
    @(101.1750 mm, 97.8250 mm): Pad 29 [SIM_VDD] of U1 on B.Cu
[unconnected_items]: Missing connection between items
    Local override; error
    @(116.1750 mm, 90.8250 mm): Pad 14 [SIM_TX] of U1 on B.Cu
    @(110.0511 mm, 103.9750 mm): Track [SIM_TX] on F.Cu, length 2.0489 mm
[unconnected_items]: Missing connection between items
    Local override; error
    @(116.1750 mm, 91.8250 mm): Pad 15 [SIM_RX] of U1 on B.Cu
    @(107.8153 mm, 102.4463 mm): Pad 30 [SIM_RX] of U4 on F.Cu
[unconnected_items]: Missing connection between items
    Local override; error
    @(104.9250 mm, 106.2250 mm): Track [Net-(J3-RET)] on F.Cu, length 0.7000 mm
    @(113.1750 mm, 112.5350 mm): Pad 2 [Net-(J3-RET)] of J3 on B.Cu
[unconnected_items]: Missing connection between items
    Local override; error
    @(96.7000 mm, 110.6750 mm): Track [SIM_DET] on B.Cu, length 4.7023 mm
    @(98.6840 mm, 99.7340 mm): Track [SIM_DET] on B.Cu, length 2.1340 mm
[unconnected_items]: Missing connection between items
    Local override; error
    @(98.1750 mm, 97.8250 mm): Pad 32 [SIM_RST] of U1 on B.Cu
    @(98.9600 mm, 100.3050 mm): Pad 2 [SIM_RST] of R3 on B.Cu
[unconnected_items]: Missing connection between items
    Local override; error
    @(96.9700 mm, 100.3050 mm): Pad 2 [SIM_CLK] of R4 on B.Cu
    @(99.1750 mm, 97.8250 mm): Pad 31 [SIM_CLK] of U1 on B.Cu

** Found 0 Footprint errors **

** End of Report **
